{"/home/vitalii/frontend-project-lvl2/src/index.js": {"path":"/home/vitalii/frontend-project-lvl2/src/index.js","all":false,"statementMap":{"0":{"start":{"line":1,"column":0},"end":{"line":1,"column":53}},"1":{"start":{"line":2,"column":0},"end":{"line":2,"column":36}},"2":{"start":{"line":3,"column":0},"end":{"line":3,"column":36}},"3":{"start":{"line":4,"column":0},"end":{"line":4,"column":44}},"4":{"start":{"line":5,"column":0},"end":{"line":5,"column":0}},"5":{"start":{"line":6,"column":0},"end":{"line":6,"column":82}},"6":{"start":{"line":7,"column":0},"end":{"line":7,"column":49}},"7":{"start":{"line":8,"column":0},"end":{"line":8,"column":45}},"8":{"start":{"line":9,"column":0},"end":{"line":9,"column":43}},"9":{"start":{"line":10,"column":0},"end":{"line":10,"column":49}},"10":{"start":{"line":11,"column":0},"end":{"line":11,"column":47}},"11":{"start":{"line":12,"column":0},"end":{"line":12,"column":74}},"12":{"start":{"line":13,"column":0},"end":{"line":13,"column":71}},"13":{"start":{"line":14,"column":0},"end":{"line":14,"column":58}},"14":{"start":{"line":15,"column":0},"end":{"line":15,"column":26}},"15":{"start":{"line":16,"column":0},"end":{"line":16,"column":36}},"16":{"start":{"line":17,"column":0},"end":{"line":17,"column":2}},"17":{"start":{"line":18,"column":0},"end":{"line":18,"column":0}},"18":{"start":{"line":19,"column":0},"end":{"line":19,"column":24}}},"s":{"0":1,"1":1,"2":1,"3":1,"4":1,"5":1,"6":3,"7":3,"8":3,"9":3,"10":3,"11":3,"12":3,"13":1,"14":1,"15":1,"16":1,"17":1,"18":1},"branchMap":{"0":{"type":"branch","line":1,"loc":{"start":{"line":1,"column":0},"end":{"line":15,"column":4}},"locations":[{"start":{"line":1,"column":0},"end":{"line":15,"column":4}}]},"1":{"type":"branch","line":6,"loc":{"start":{"line":6,"column":11},"end":{"line":14,"column":35}},"locations":[{"start":{"line":6,"column":11},"end":{"line":14,"column":35}}]}},"b":{"0":[1],"1":[3]},"fnMap":{"0":{"name":"geneDiff","decl":{"start":{"line":6,"column":11},"end":{"line":14,"column":35}},"loc":{"start":{"line":6,"column":11},"end":{"line":14,"column":35}},"line":6}},"f":{"0":3}}
,"/home/vitalii/frontend-project-lvl2/src/makeTree.js": {"path":"/home/vitalii/frontend-project-lvl2/src/makeTree.js","all":false,"statementMap":{"0":{"start":{"line":1,"column":0},"end":{"line":1,"column":23}},"1":{"start":{"line":2,"column":0},"end":{"line":2,"column":0}},"2":{"start":{"line":3,"column":0},"end":{"line":3,"column":39}},"3":{"start":{"line":4,"column":0},"end":{"line":4,"column":80}},"4":{"start":{"line":5,"column":0},"end":{"line":5,"column":40}},"5":{"start":{"line":6,"column":0},"end":{"line":6,"column":31}},"6":{"start":{"line":7,"column":0},"end":{"line":7,"column":57}},"7":{"start":{"line":8,"column":0},"end":{"line":8,"column":5}},"8":{"start":{"line":9,"column":0},"end":{"line":9,"column":31}},"9":{"start":{"line":10,"column":0},"end":{"line":10,"column":59}},"10":{"start":{"line":11,"column":0},"end":{"line":11,"column":5}},"11":{"start":{"line":12,"column":0},"end":{"line":12,"column":63}},"12":{"start":{"line":13,"column":0},"end":{"line":13,"column":84}},"13":{"start":{"line":14,"column":0},"end":{"line":14,"column":5}},"14":{"start":{"line":15,"column":0},"end":{"line":15,"column":40}},"15":{"start":{"line":16,"column":0},"end":{"line":16,"column":62}},"16":{"start":{"line":17,"column":0},"end":{"line":17,"column":5}},"17":{"start":{"line":18,"column":0},"end":{"line":18,"column":12}},"18":{"start":{"line":19,"column":0},"end":{"line":19,"column":80}},"19":{"start":{"line":20,"column":0},"end":{"line":20,"column":6}},"20":{"start":{"line":21,"column":0},"end":{"line":21,"column":5}},"21":{"start":{"line":22,"column":0},"end":{"line":22,"column":14}},"22":{"start":{"line":23,"column":0},"end":{"line":23,"column":2}},"23":{"start":{"line":24,"column":0},"end":{"line":24,"column":0}},"24":{"start":{"line":25,"column":0},"end":{"line":25,"column":23}}},"s":{"0":7,"1":7,"2":7,"3":7,"4":7,"5":28,"6":28,"7":6,"8":28,"9":28,"10":4,"11":4,"12":28,"13":5,"14":28,"15":6,"16":6,"17":6,"18":1,"19":1,"20":1,"21":1,"22":1,"23":1,"24":1},"branchMap":{"0":{"type":"branch","line":1,"loc":{"start":{"line":1,"column":0},"end":{"line":19,"column":48}},"locations":[{"start":{"line":1,"column":0},"end":{"line":19,"column":48}}]},"1":{"type":"branch","line":1,"loc":{"start":{"line":1,"column":0},"end":{"line":19,"column":21}},"locations":[{"start":{"line":1,"column":0},"end":{"line":19,"column":21}}]},"2":{"type":"branch","line":4,"loc":{"start":{"line":4,"column":22},"end":{"line":19,"column":2}},"locations":[{"start":{"line":4,"column":22},"end":{"line":19,"column":2}}]},"3":{"type":"branch","line":4,"loc":{"start":{"line":4,"column":63},"end":{"line":6,"column":6}},"locations":[{"start":{"line":4,"column":63},"end":{"line":6,"column":6}}]},"4":{"type":"branch","line":6,"loc":{"start":{"line":6,"column":6},"end":{"line":7,"column":5}},"locations":[{"start":{"line":6,"column":6},"end":{"line":7,"column":5}}]},"5":{"type":"branch","line":7,"loc":{"start":{"line":7,"column":5},"end":{"line":9,"column":8}},"locations":[{"start":{"line":7,"column":5},"end":{"line":9,"column":8}}]},"6":{"type":"branch","line":9,"loc":{"start":{"line":9,"column":8},"end":{"line":10,"column":10}},"locations":[{"start":{"line":9,"column":8},"end":{"line":10,"column":10}}]},"7":{"type":"branch","line":10,"loc":{"start":{"line":10,"column":10},"end":{"line":10,"column":37}},"locations":[{"start":{"line":10,"column":10},"end":{"line":10,"column":37}}]},"8":{"type":"branch","line":10,"loc":{"start":{"line":10,"column":39},"end":{"line":13,"column":1}},"locations":[{"start":{"line":10,"column":39},"end":{"line":13,"column":1}}]},"9":{"type":"branch","line":13,"loc":{"start":{"line":13,"column":1},"end":{"line":13,"column":41}},"locations":[{"start":{"line":13,"column":1},"end":{"line":13,"column":41}}]},"10":{"type":"branch","line":13,"loc":{"start":{"line":13,"column":41},"end":{"line":15,"column":20}},"locations":[{"start":{"line":13,"column":41},"end":{"line":15,"column":20}}]},"11":{"type":"branch","line":15,"loc":{"start":{"line":15,"column":20},"end":{"line":19,"column":1}},"locations":[{"start":{"line":15,"column":20},"end":{"line":19,"column":1}}]}},"b":{"0":[1],"1":[7],"2":[28],"3":[7],"4":[21],"5":[6],"6":[15],"7":[5],"8":[4],"9":[11],"10":[5],"11":[6]},"fnMap":{"0":{"name":"getDiff","decl":{"start":{"line":1,"column":0},"end":{"line":19,"column":21}},"loc":{"start":{"line":1,"column":0},"end":{"line":19,"column":21}},"line":1}},"f":{"0":7}}
,"/home/vitalii/frontend-project-lvl2/src/parser.js": {"path":"/home/vitalii/frontend-project-lvl2/src/parser.js","all":false,"statementMap":{"0":{"start":{"line":1,"column":0},"end":{"line":1,"column":27}},"1":{"start":{"line":2,"column":0},"end":{"line":2,"column":0}},"2":{"start":{"line":3,"column":0},"end":{"line":3,"column":37}},"3":{"start":{"line":4,"column":0},"end":{"line":4,"column":13}},"4":{"start":{"line":5,"column":0},"end":{"line":5,"column":27}},"5":{"start":{"line":6,"column":0},"end":{"line":6,"column":30}},"6":{"start":{"line":7,"column":0},"end":{"line":7,"column":3}},"7":{"start":{"line":8,"column":0},"end":{"line":8,"column":26}},"8":{"start":{"line":9,"column":0},"end":{"line":9,"column":29}},"9":{"start":{"line":10,"column":0},"end":{"line":10,"column":3}},"10":{"start":{"line":11,"column":0},"end":{"line":11,"column":16}},"11":{"start":{"line":12,"column":0},"end":{"line":12,"column":2}},"12":{"start":{"line":13,"column":0},"end":{"line":13,"column":0}},"13":{"start":{"line":14,"column":0},"end":{"line":14,"column":25}}},"s":{"0":6,"1":4,"2":6,"3":6,"4":2,"5":1,"6":1,"7":1,"8":1,"9":1,"10":1,"11":1,"12":1,"13":1},"branchMap":{"0":{"type":"branch","line":1,"loc":{"start":{"line":1,"column":0},"end":{"line":8,"column":19}},"locations":[{"start":{"line":1,"column":0},"end":{"line":8,"column":19}}]},"1":{"type":"branch","line":1,"loc":{"start":{"line":1,"column":0},"end":{"line":6,"column":25}},"locations":[{"start":{"line":1,"column":0},"end":{"line":6,"column":25}}]},"2":{"type":"branch","line":1,"loc":{"start":{"line":1,"column":18},"end":{"line":3,"column":25}},"locations":[{"start":{"line":1,"column":18},"end":{"line":3,"column":25}}]},"3":{"type":"branch","line":5,"loc":{"start":{"line":5,"column":-1},"end":{"line":6,"column":6}},"locations":[{"start":{"line":5,"column":-1},"end":{"line":6,"column":6}}]}},"b":{"0":[1],"1":[6],"2":[4],"3":[2]},"fnMap":{"0":{"name":"parseFile","decl":{"start":{"line":1,"column":0},"end":{"line":6,"column":25}},"loc":{"start":{"line":1,"column":0},"end":{"line":6,"column":25}},"line":1}},"f":{"0":6}}
,"/home/vitalii/frontend-project-lvl2/src/utils.js": {"path":"/home/vitalii/frontend-project-lvl2/src/utils.js","all":false,"statementMap":{"0":{"start":{"line":1,"column":0},"end":{"line":1,"column":20}},"1":{"start":{"line":2,"column":0},"end":{"line":2,"column":37}},"2":{"start":{"line":3,"column":0},"end":{"line":3,"column":36}},"3":{"start":{"line":4,"column":0},"end":{"line":4,"column":45}},"4":{"start":{"line":5,"column":0},"end":{"line":5,"column":32}},"5":{"start":{"line":6,"column":0},"end":{"line":6,"column":52}},"6":{"start":{"line":7,"column":0},"end":{"line":7,"column":40}},"7":{"start":{"line":8,"column":0},"end":{"line":8,"column":81}},"8":{"start":{"line":9,"column":0},"end":{"line":9,"column":63}},"9":{"start":{"line":10,"column":0},"end":{"line":10,"column":21}},"10":{"start":{"line":11,"column":0},"end":{"line":11,"column":2}},"11":{"start":{"line":12,"column":0},"end":{"line":12,"column":0}},"12":{"start":{"line":13,"column":0},"end":{"line":13,"column":59}},"13":{"start":{"line":14,"column":0},"end":{"line":14,"column":0}},"14":{"start":{"line":15,"column":0},"end":{"line":15,"column":8}},"15":{"start":{"line":16,"column":0},"end":{"line":16,"column":11}},"16":{"start":{"line":17,"column":0},"end":{"line":17,"column":16}},"17":{"start":{"line":18,"column":0},"end":{"line":18,"column":2}}},"s":{"0":1,"1":1,"2":1,"3":6,"4":6,"5":6,"6":6,"7":1,"8":1,"9":1,"10":1,"11":1,"12":1,"13":1,"14":1,"15":1,"16":1,"17":1},"branchMap":{"0":{"type":"branch","line":1,"loc":{"start":{"line":1,"column":0},"end":{"line":13,"column":13}},"locations":[{"start":{"line":1,"column":0},"end":{"line":13,"column":13}}]},"1":{"type":"branch","line":3,"loc":{"start":{"line":3,"column":11},"end":{"line":8,"column":80}},"locations":[{"start":{"line":3,"column":11},"end":{"line":8,"column":80}}]},"2":{"type":"branch","line":9,"loc":{"start":{"line":9,"column":23},"end":{"line":9,"column":59}},"locations":[{"start":{"line":9,"column":23},"end":{"line":9,"column":59}}]}},"b":{"0":[1],"1":[6],"2":[6]},"fnMap":{"0":{"name":"readFile","decl":{"start":{"line":3,"column":11},"end":{"line":8,"column":80}},"loc":{"start":{"line":3,"column":11},"end":{"line":8,"column":80}},"line":3},"1":{"name":"getFormatFile","decl":{"start":{"line":9,"column":23},"end":{"line":9,"column":59}},"loc":{"start":{"line":9,"column":23},"end":{"line":9,"column":59}},"line":9}},"f":{"0":6,"1":6}}
,"/home/vitalii/frontend-project-lvl2/src/formatter/index.js": {"path":"/home/vitalii/frontend-project-lvl2/src/formatter/index.js","all":false,"statementMap":{"0":{"start":{"line":1,"column":0},"end":{"line":1,"column":35}},"1":{"start":{"line":2,"column":0},"end":{"line":2,"column":31}},"2":{"start":{"line":3,"column":0},"end":{"line":3,"column":0}},"3":{"start":{"line":4,"column":0},"end":{"line":4,"column":38}},"4":{"start":{"line":5,"column":0},"end":{"line":5,"column":29}},"5":{"start":{"line":6,"column":0},"end":{"line":6,"column":31}},"6":{"start":{"line":7,"column":0},"end":{"line":7,"column":23}},"7":{"start":{"line":8,"column":0},"end":{"line":8,"column":3}},"8":{"start":{"line":9,"column":0},"end":{"line":9,"column":23}},"9":{"start":{"line":10,"column":0},"end":{"line":10,"column":2}}},"s":{"0":3,"1":3,"2":3,"3":3,"4":1,"5":1,"6":1,"7":1,"8":1,"9":1},"branchMap":{"0":{"type":"branch","line":1,"loc":{"start":{"line":1,"column":0},"end":{"line":5,"column":28}},"locations":[{"start":{"line":1,"column":0},"end":{"line":5,"column":28}}]},"1":{"type":"branch","line":1,"loc":{"start":{"line":1,"column":0},"end":{"line":5,"column":26}},"locations":[{"start":{"line":1,"column":0},"end":{"line":5,"column":26}}]},"2":{"type":"branch","line":4,"loc":{"start":{"line":4,"column":10},"end":{"line":5,"column":0}},"locations":[{"start":{"line":4,"column":10},"end":{"line":5,"column":0}}]}},"b":{"0":[1],"1":[3],"2":[0]},"fnMap":{"0":{"name":"default","decl":{"start":{"line":1,"column":0},"end":{"line":5,"column":26}},"loc":{"start":{"line":1,"column":0},"end":{"line":5,"column":26}},"line":1}},"f":{"0":3}}
,"/home/vitalii/frontend-project-lvl2/src/formatter/plain.js": {"path":"/home/vitalii/frontend-project-lvl2/src/formatter/plain.js","all":false,"statementMap":{"0":{"start":{"line":1,"column":0},"end":{"line":1,"column":42}}},"s":{"0":1},"branchMap":{},"b":{},"fnMap":{},"f":{}}
,"/home/vitalii/frontend-project-lvl2/src/formatter/stylish.js": {"path":"/home/vitalii/frontend-project-lvl2/src/formatter/stylish.js","all":false,"statementMap":{"0":{"start":{"line":1,"column":0},"end":{"line":1,"column":23}},"1":{"start":{"line":2,"column":0},"end":{"line":2,"column":0}},"2":{"start":{"line":3,"column":0},"end":{"line":3,"column":20}},"3":{"start":{"line":4,"column":0},"end":{"line":4,"column":22}},"4":{"start":{"line":5,"column":0},"end":{"line":5,"column":22}},"5":{"start":{"line":6,"column":0},"end":{"line":6,"column":53}},"6":{"start":{"line":7,"column":0},"end":{"line":7,"column":0}},"7":{"start":{"line":8,"column":0},"end":{"line":8,"column":34}},"8":{"start":{"line":9,"column":0},"end":{"line":9,"column":27}},"9":{"start":{"line":10,"column":0},"end":{"line":10,"column":45}},"10":{"start":{"line":11,"column":0},"end":{"line":11,"column":34}},"11":{"start":{"line":12,"column":0},"end":{"line":12,"column":31}},"12":{"start":{"line":13,"column":0},"end":{"line":13,"column":50}},"13":{"start":{"line":14,"column":0},"end":{"line":14,"column":43}},"14":{"start":{"line":15,"column":0},"end":{"line":15,"column":5}},"15":{"start":{"line":16,"column":0},"end":{"line":16,"column":44}},"16":{"start":{"line":17,"column":0},"end":{"line":17,"column":5}},"17":{"start":{"line":18,"column":0},"end":{"line":18,"column":39}},"18":{"start":{"line":19,"column":0},"end":{"line":19,"column":50}},"19":{"start":{"line":20,"column":0},"end":{"line":20,"column":2}},"20":{"start":{"line":21,"column":0},"end":{"line":21,"column":0}},"21":{"start":{"line":22,"column":0},"end":{"line":22,"column":45}},"22":{"start":{"line":23,"column":0},"end":{"line":23,"column":74}},"23":{"start":{"line":24,"column":0},"end":{"line":24,"column":16}},"24":{"start":{"line":25,"column":0},"end":{"line":25,"column":2}},"25":{"start":{"line":26,"column":0},"end":{"line":26,"column":0}},"26":{"start":{"line":27,"column":0},"end":{"line":27,"column":50}},"27":{"start":{"line":28,"column":0},"end":{"line":28,"column":30}},"28":{"start":{"line":29,"column":0},"end":{"line":29,"column":45}},"29":{"start":{"line":30,"column":0},"end":{"line":30,"column":49}},"30":{"start":{"line":31,"column":0},"end":{"line":31,"column":38}},"31":{"start":{"line":32,"column":0},"end":{"line":32,"column":29}},"32":{"start":{"line":33,"column":0},"end":{"line":33,"column":2}},"33":{"start":{"line":34,"column":0},"end":{"line":34,"column":0}},"34":{"start":{"line":35,"column":0},"end":{"line":35,"column":47}},"35":{"start":{"line":36,"column":0},"end":{"line":36,"column":30}},"36":{"start":{"line":37,"column":0},"end":{"line":37,"column":44}},"37":{"start":{"line":38,"column":0},"end":{"line":38,"column":49}},"38":{"start":{"line":39,"column":0},"end":{"line":39,"column":38}},"39":{"start":{"line":40,"column":0},"end":{"line":40,"column":30}},"40":{"start":{"line":41,"column":0},"end":{"line":41,"column":2}},"41":{"start":{"line":42,"column":0},"end":{"line":42,"column":0}},"42":{"start":{"line":43,"column":0},"end":{"line":43,"column":48}},"43":{"start":{"line":44,"column":0},"end":{"line":44,"column":30}},"44":{"start":{"line":45,"column":0},"end":{"line":45,"column":46}},"45":{"start":{"line":46,"column":0},"end":{"line":46,"column":49}},"46":{"start":{"line":47,"column":0},"end":{"line":47,"column":38}},"47":{"start":{"line":48,"column":0},"end":{"line":48,"column":30}},"48":{"start":{"line":49,"column":0},"end":{"line":49,"column":2}},"49":{"start":{"line":50,"column":0},"end":{"line":50,"column":0}},"50":{"start":{"line":51,"column":0},"end":{"line":51,"column":54}},"51":{"start":{"line":52,"column":0},"end":{"line":52,"column":33}},"52":{"start":{"line":53,"column":0},"end":{"line":53,"column":45}},"53":{"start":{"line":54,"column":0},"end":{"line":54,"column":42}},"54":{"start":{"line":55,"column":0},"end":{"line":55,"column":34}},"55":{"start":{"line":56,"column":0},"end":{"line":56,"column":29}},"56":{"start":{"line":57,"column":0},"end":{"line":57,"column":2}},"57":{"start":{"line":58,"column":0},"end":{"line":58,"column":0}},"58":{"start":{"line":59,"column":0},"end":{"line":59,"column":49}},"59":{"start":{"line":60,"column":0},"end":{"line":60,"column":48}},"60":{"start":{"line":61,"column":0},"end":{"line":61,"column":52}},"61":{"start":{"line":62,"column":0},"end":{"line":62,"column":49}},"62":{"start":{"line":63,"column":0},"end":{"line":63,"column":56}},"63":{"start":{"line":64,"column":0},"end":{"line":64,"column":54}},"64":{"start":{"line":65,"column":0},"end":{"line":65,"column":45}},"65":{"start":{"line":66,"column":0},"end":{"line":66,"column":43}},"66":{"start":{"line":67,"column":0},"end":{"line":67,"column":18}},"67":{"start":{"line":68,"column":0},"end":{"line":68,"column":37}},"68":{"start":{"line":69,"column":0},"end":{"line":69,"column":35}},"69":{"start":{"line":70,"column":0},"end":{"line":70,"column":4}},"70":{"start":{"line":71,"column":0},"end":{"line":71,"column":16}},"71":{"start":{"line":72,"column":0},"end":{"line":72,"column":2}},"72":{"start":{"line":73,"column":0},"end":{"line":73,"column":0}},"73":{"start":{"line":74,"column":0},"end":{"line":74,"column":32}},"74":{"start":{"line":75,"column":0},"end":{"line":75,"column":33}},"75":{"start":{"line":76,"column":0},"end":{"line":76,"column":39}},"76":{"start":{"line":77,"column":0},"end":{"line":77,"column":31}},"77":{"start":{"line":78,"column":0},"end":{"line":78,"column":34}},"78":{"start":{"line":79,"column":0},"end":{"line":79,"column":35}},"79":{"start":{"line":80,"column":0},"end":{"line":80,"column":2}},"80":{"start":{"line":81,"column":0},"end":{"line":81,"column":0}},"81":{"start":{"line":82,"column":0},"end":{"line":82,"column":29}},"82":{"start":{"line":83,"column":0},"end":{"line":83,"column":33}},"83":{"start":{"line":84,"column":0},"end":{"line":84,"column":43}},"84":{"start":{"line":85,"column":0},"end":{"line":85,"column":28}},"85":{"start":{"line":86,"column":0},"end":{"line":86,"column":60}},"86":{"start":{"line":87,"column":0},"end":{"line":87,"column":48}},"87":{"start":{"line":88,"column":0},"end":{"line":88,"column":7}},"88":{"start":{"line":89,"column":0},"end":{"line":89,"column":41}},"89":{"start":{"line":90,"column":0},"end":{"line":90,"column":53}},"90":{"start":{"line":91,"column":0},"end":{"line":91,"column":4}},"91":{"start":{"line":92,"column":0},"end":{"line":92,"column":23}},"92":{"start":{"line":93,"column":0},"end":{"line":93,"column":2}},"93":{"start":{"line":94,"column":0},"end":{"line":94,"column":0}},"94":{"start":{"line":95,"column":0},"end":{"line":95,"column":25}}},"s":{"0":1,"1":55,"2":55,"3":1,"4":1,"5":7,"6":7,"7":7,"8":7,"9":9,"10":3,"11":3,"12":9,"13":7,"14":7,"15":7,"16":7,"17":1,"18":30,"19":4,"20":4,"21":30,"22":1,"23":5,"24":5,"25":5,"26":5,"27":5,"28":5,"29":1,"30":1,"31":7,"32":7,"33":7,"34":7,"35":7,"36":7,"37":1,"38":1,"39":6,"40":6,"41":6,"42":6,"43":6,"44":6,"45":1,"46":1,"47":4,"48":4,"49":4,"50":4,"51":4,"52":4,"53":1,"54":1,"55":6,"56":6,"57":6,"58":6,"59":6,"60":6,"61":6,"62":6,"63":6,"64":6,"65":6,"66":6,"67":1,"68":1,"69":1,"70":1,"71":1,"72":1,"73":1,"74":1,"75":1,"76":1,"77":1,"78":7,"79":7,"80":7,"81":7,"82":28,"83":28,"84":28,"85":7,"86":7,"87":7,"88":1,"89":1,"90":1,"91":1,"92":1,"93":1,"94":1},"branchMap":{"0":{"type":"branch","line":1,"loc":{"start":{"line":1,"column":0},"end":{"line":90,"column":24}},"locations":[{"start":{"line":1,"column":0},"end":{"line":90,"column":24}}]},"1":{"type":"branch","line":1,"loc":{"start":{"line":1,"column":22},"end":{"line":4,"column":9}},"locations":[{"start":{"line":1,"column":22},"end":{"line":4,"column":9}}]},"2":{"type":"branch","line":5,"loc":{"start":{"line":5,"column":7},"end":{"line":18,"column":3}},"locations":[{"start":{"line":5,"column":7},"end":{"line":18,"column":3}}]},"3":{"type":"branch","line":9,"loc":{"start":{"line":9,"column":9},"end":{"line":14,"column":9}},"locations":[{"start":{"line":9,"column":9},"end":{"line":14,"column":9}}]},"4":{"type":"branch","line":10,"loc":{"start":{"line":10,"column":22},"end":{"line":13,"column":11}},"locations":[{"start":{"line":10,"column":22},"end":{"line":13,"column":11}}]},"5":{"type":"branch","line":13,"loc":{"start":{"line":13,"column":11},"end":{"line":14,"column":8}},"locations":[{"start":{"line":13,"column":11},"end":{"line":14,"column":8}}]},"6":{"type":"branch","line":18,"loc":{"start":{"line":18,"column":29},"end":{"line":23,"column":4}},"locations":[{"start":{"line":18,"column":29},"end":{"line":23,"column":4}}]},"7":{"type":"branch","line":19,"loc":{"start":{"line":19,"column":49},"end":{"line":22,"column":22}},"locations":[{"start":{"line":19,"column":49},"end":{"line":22,"column":22}}]},"8":{"type":"branch","line":22,"loc":{"start":{"line":22,"column":23},"end":{"line":22,"column":30}},"locations":[{"start":{"line":22,"column":23},"end":{"line":22,"column":30}}]},"9":{"type":"branch","line":23,"loc":{"start":{"line":23,"column":40},"end":{"line":30,"column":31}},"locations":[{"start":{"line":23,"column":40},"end":{"line":30,"column":31}}]},"10":{"type":"branch","line":31,"loc":{"start":{"line":31,"column":14},"end":{"line":38,"column":32}},"locations":[{"start":{"line":31,"column":14},"end":{"line":38,"column":32}}]},"11":{"type":"branch","line":39,"loc":{"start":{"line":39,"column":16},"end":{"line":46,"column":32}},"locations":[{"start":{"line":39,"column":16},"end":{"line":46,"column":32}}]},"12":{"type":"branch","line":47,"loc":{"start":{"line":47,"column":16},"end":{"line":54,"column":20}},"locations":[{"start":{"line":47,"column":16},"end":{"line":54,"column":20}}]},"13":{"type":"branch","line":55,"loc":{"start":{"line":55,"column":12},"end":{"line":68,"column":8}},"locations":[{"start":{"line":55,"column":12},"end":{"line":68,"column":8}}]},"14":{"type":"branch","line":78,"loc":{"start":{"line":78,"column":4},"end":{"line":89,"column":37}},"locations":[{"start":{"line":78,"column":4},"end":{"line":89,"column":37}}]},"15":{"type":"branch","line":78,"loc":{"start":{"line":78,"column":31},"end":{"line":89,"column":10}},"locations":[{"start":{"line":78,"column":31},"end":{"line":89,"column":10}}]},"16":{"type":"branch","line":82,"loc":{"start":{"line":82,"column":7},"end":{"line":86,"column":26}},"locations":[{"start":{"line":82,"column":7},"end":{"line":86,"column":26}}]}},"b":{"0":[1],"1":[55],"2":[7],"3":[9],"4":[3],"5":[6],"6":[30],"7":[4],"8":[26],"9":[5],"10":[7],"11":[6],"12":[4],"13":[6],"14":[3],"15":[7],"16":[28]},"fnMap":{"0":{"name":"makeIndent","decl":{"start":{"line":1,"column":22},"end":{"line":4,"column":9}},"loc":{"start":{"line":1,"column":22},"end":{"line":4,"column":9}},"line":1},"1":{"name":"stringify","decl":{"start":{"line":5,"column":7},"end":{"line":18,"column":3}},"loc":{"start":{"line":5,"column":7},"end":{"line":18,"column":3}},"line":5},"2":{"name":"checkValueType","decl":{"start":{"line":18,"column":29},"end":{"line":23,"column":4}},"loc":{"start":{"line":18,"column":29},"end":{"line":23,"column":4}},"line":18},"3":{"name":"getFormattedUnchangeNode","decl":{"start":{"line":23,"column":40},"end":{"line":30,"column":31}},"loc":{"start":{"line":23,"column":40},"end":{"line":30,"column":31}},"line":23},"4":{"name":"getFormattedAddedNode","decl":{"start":{"line":31,"column":14},"end":{"line":38,"column":32}},"loc":{"start":{"line":31,"column":14},"end":{"line":38,"column":32}},"line":31},"5":{"name":"getFormattedDeleteNode","decl":{"start":{"line":39,"column":16},"end":{"line":46,"column":32}},"loc":{"start":{"line":39,"column":16},"end":{"line":46,"column":32}},"line":39},"6":{"name":"getFormattedParentNode","decl":{"start":{"line":47,"column":16},"end":{"line":54,"column":20}},"loc":{"start":{"line":47,"column":16},"end":{"line":54,"column":20}},"line":47},"7":{"name":"getFormattedUpdatedNode","decl":{"start":{"line":55,"column":12},"end":{"line":68,"column":8}},"loc":{"start":{"line":55,"column":12},"end":{"line":68,"column":8}},"line":55},"8":{"name":"formatter","decl":{"start":{"line":78,"column":4},"end":{"line":89,"column":37}},"loc":{"start":{"line":78,"column":4},"end":{"line":89,"column":37}},"line":78},"9":{"name":"iter","decl":{"start":{"line":78,"column":31},"end":{"line":89,"column":10}},"loc":{"start":{"line":78,"column":31},"end":{"line":89,"column":10}},"line":78}},"f":{"0":55,"1":7,"2":30,"3":5,"4":7,"5":6,"6":4,"7":6,"8":3,"9":7}}
}
