TN:
SF:src/index.js
FN:2,geneDiff
FNF:1
FNH:1
FNDA:1,geneDiff
DA:1,1
DA:2,1
DA:3,1
DA:4,1
DA:5,1
DA:6,1
DA:7,1
DA:8,1
DA:9,1
DA:10,1
DA:11,1
DA:12,1
DA:13,1
LF:13
LH:13
BRDA:2,0,0,1
BRF:1
BRH:1
end_of_record
TN:
SF:src/makeTree.js
FN:1,default
FNF:1
FNH:1
FNDA:1,default
DA:1,1
DA:2,1
DA:3,1
DA:4,1
DA:5,5
DA:6,5
DA:7,5
DA:8,1
DA:9,1
DA:10,2
DA:11,5
DA:12,2
DA:13,2
DA:14,1
DA:15,1
DA:16,1
DA:17,1
DA:18,1
DA:19,1
DA:20,1
DA:21,1
DA:22,1
DA:23,1
DA:24,1
DA:25,1
DA:26,1
DA:27,1
DA:28,1
DA:29,1
DA:30,1
DA:31,1
DA:32,1
DA:33,1
DA:34,1
DA:35,1
DA:36,1
DA:37,1
DA:38,1
DA:39,1
LF:39
LH:39
BRDA:1,0,0,1
BRDA:4,1,0,5
BRDA:5,2,0,2
BRDA:6,3,0,3
BRDA:7,4,0,1
BRDA:10,5,0,2
BRDA:11,6,0,2
BRDA:13,7,0,1
BRDA:17,8,0,0
BRF:9
BRH:8
end_of_record
TN:
SF:src/parser.js
FNF:0
FNH:0
DA:1,1
LF:1
LH:1
BRF:0
BRH:0
end_of_record
TN:
SF:src/utils.js
FN:2,default
FNF:1
FNH:1
FNDA:2,default
DA:1,1
DA:2,2
DA:3,2
DA:4,2
DA:5,2
DA:6,2
DA:7,2
DA:8,1
DA:9,1
DA:10,1
DA:11,1
LF:11
LH:11
BRDA:2,0,0,2
BRF:1
BRH:1
end_of_record
