TN:
SF:src/index.js
FN:6,geneDiff
FNF:1
FNH:1
FNDA:5,geneDiff
DA:1,1
DA:2,1
DA:3,1
DA:4,1
DA:5,1
DA:6,1
DA:7,5
DA:8,5
DA:9,5
DA:10,5
DA:11,5
DA:12,5
DA:13,5
DA:14,1
DA:15,1
DA:16,1
DA:17,1
DA:18,1
LF:18
LH:18
BRDA:1,0,0,1
BRDA:6,1,0,5
BRF:2
BRH:2
end_of_record
TN:
SF:src/makeTree.js
FN:1,getDiff
FNF:1
FNH:1
FNDA:17,getDiff
DA:1,17
DA:2,17
DA:3,17
DA:4,17
DA:5,17
DA:6,64
DA:7,64
DA:8,10
DA:9,64
DA:10,64
DA:11,12
DA:12,12
DA:13,64
DA:14,11
DA:15,64
DA:16,14
DA:17,14
DA:18,14
DA:19,1
DA:20,1
DA:21,1
DA:22,1
DA:23,1
DA:24,1
DA:25,1
LF:25
LH:25
BRDA:1,0,0,1
BRDA:1,1,0,17
BRDA:4,2,0,64
BRDA:4,3,0,17
BRDA:6,4,0,47
BRDA:7,5,0,10
BRDA:9,6,0,37
BRDA:10,7,0,15
BRDA:10,8,0,12
BRDA:13,9,0,25
BRDA:13,10,0,11
BRDA:15,11,0,14
BRF:12
BRH:12
end_of_record
TN:
SF:src/parser.js
FN:1,parseFile
FNF:1
FNH:1
FNDA:10,parseFile
DA:1,10
DA:2,8
DA:3,10
DA:4,10
DA:5,2
DA:6,1
DA:7,1
DA:8,1
DA:9,1
DA:10,1
DA:11,1
DA:12,1
DA:13,1
DA:14,1
LF:14
LH:14
BRDA:1,0,0,1
BRDA:1,1,0,10
BRDA:1,2,0,8
BRDA:5,3,0,2
BRF:4
BRH:4
end_of_record
TN:
SF:src/utils.js
FN:3,readFile
FN:9,getFormatFile
FNF:2
FNH:2
FNDA:11,readFile
FNDA:10,getFormatFile
DA:1,1
DA:2,1
DA:3,1
DA:4,11
DA:5,11
DA:6,11
DA:7,11
DA:8,1
DA:9,1
DA:10,1
DA:11,1
DA:12,1
DA:13,1
DA:14,1
DA:15,1
DA:16,1
DA:17,1
DA:18,1
LF:18
LH:18
BRDA:1,0,0,1
BRDA:3,1,0,11
BRDA:9,2,0,10
BRF:3
BRH:3
end_of_record
TN:
SF:src/formatter/index.js
FN:1,default
FNF:1
FNH:1
FNDA:5,default
DA:1,5
DA:2,5
DA:3,1
DA:4,5
DA:5,1
DA:6,5
DA:7,3
DA:8,1
DA:9,1
DA:10,1
DA:11,1
DA:12,1
LF:12
LH:12
BRDA:1,0,0,1
BRDA:1,1,0,5
BRDA:2,2,0,1
BRDA:4,3,0,4
BRDA:5,4,0,1
BRDA:6,5,0,3
BRF:6
BRH:6
end_of_record
TN:
SF:src/formatter/plain.js
FN:1,makePath
FN:5,checkValueType
FN:13,getFormattedParentNode
FN:21,getFormattedAddedNode
FN:29,getFormattedUpdateNode
FN:37,getFormattedRemovedtNode
FN:42,getFormattedUnchangeNode
FN:52,formatter
FN:52,iter
FNF:9
FNH:9
FNDA:11,makePath
FNDA:13,checkValueType
FNDA:4,getFormattedParentNode
FNDA:5,getFormattedAddedNode
FNDA:4,getFormattedUpdateNode
FNDA:2,getFormattedRemovedtNode
FNDA:3,getFormattedUnchangeNode
FNDA:1,formatter
FNDA:5,iter
DA:1,11
DA:2,11
DA:3,11
DA:4,1
DA:5,1
DA:6,3
DA:7,3
DA:8,3
DA:9,13
DA:10,7
DA:11,1
DA:12,1
DA:13,1
DA:14,4
DA:15,4
DA:16,4
DA:17,4
DA:18,4
DA:19,4
DA:20,1
DA:21,1
DA:22,5
DA:23,5
DA:24,5
DA:25,5
DA:26,5
DA:27,5
DA:28,1
DA:29,1
DA:30,4
DA:31,4
DA:32,4
DA:33,4
DA:34,4
DA:35,4
DA:36,4
DA:37,1
DA:38,2
DA:39,2
DA:40,2
DA:41,1
DA:42,1
DA:43,1
DA:44,1
DA:45,1
DA:46,1
DA:47,1
DA:48,1
DA:49,1
DA:50,1
DA:51,1
DA:52,1
DA:53,5
DA:54,5
DA:55,5
DA:56,5
DA:57,18
DA:58,18
DA:59,18
DA:60,5
DA:61,1
DA:62,1
DA:63,1
DA:64,1
DA:65,1
DA:66,1
DA:67,1
DA:68,1
DA:69,1
LF:69
LH:69
BRDA:1,0,0,1
BRDA:1,1,0,11
BRDA:5,2,0,13
BRDA:5,3,0,3
BRDA:9,4,0,10
BRDA:9,5,0,7
BRDA:11,6,0,3
BRDA:13,7,0,4
BRDA:21,8,0,5
BRDA:29,9,0,4
BRDA:37,10,0,2
BRDA:42,11,0,3
BRDA:52,12,0,1
BRDA:52,13,0,5
BRDA:56,14,0,18
BRF:15
BRH:15
end_of_record
TN:
SF:src/formatter/stylish.js
FN:1,makeIndent
FN:5,stringify
FN:18,checkValueType
FN:23,getFormattedUnchangeNode
FN:31,getFormattedAddedNode
FN:39,getFormattedDeleteNode
FN:47,getFormattedParentNode
FN:55,getFormattedUpdatedNode
FN:78,formatter
FN:78,iter
FNF:10
FNH:10
FNDA:55,makeIndent
FNDA:7,stringify
FNDA:30,checkValueType
FNDA:5,getFormattedUnchangeNode
FNDA:7,getFormattedAddedNode
FNDA:6,getFormattedDeleteNode
FNDA:4,getFormattedParentNode
FNDA:6,getFormattedUpdatedNode
FNDA:3,formatter
FNDA:7,iter
DA:1,1
DA:2,55
DA:3,55
DA:4,1
DA:5,1
DA:6,7
DA:7,7
DA:8,7
DA:9,7
DA:10,9
DA:11,3
DA:12,3
DA:13,9
DA:14,7
DA:15,7
DA:16,7
DA:17,7
DA:18,1
DA:19,30
DA:20,4
DA:21,4
DA:22,30
DA:23,1
DA:24,5
DA:25,5
DA:26,5
DA:27,5
DA:28,5
DA:29,5
DA:30,1
DA:31,1
DA:32,7
DA:33,7
DA:34,7
DA:35,7
DA:36,7
DA:37,7
DA:38,1
DA:39,1
DA:40,6
DA:41,6
DA:42,6
DA:43,6
DA:44,6
DA:45,6
DA:46,1
DA:47,1
DA:48,4
DA:49,4
DA:50,4
DA:51,4
DA:52,4
DA:53,4
DA:54,1
DA:55,1
DA:56,6
DA:57,6
DA:58,6
DA:59,6
DA:60,6
DA:61,6
DA:62,6
DA:63,6
DA:64,6
DA:65,6
DA:66,6
DA:67,6
DA:68,1
DA:69,1
DA:70,1
DA:71,1
DA:72,1
DA:73,1
DA:74,1
DA:75,1
DA:76,1
DA:77,1
DA:78,1
DA:79,7
DA:80,7
DA:81,7
DA:82,7
DA:83,28
DA:84,28
DA:85,28
DA:86,7
DA:87,7
DA:88,7
DA:89,1
DA:90,1
DA:91,1
DA:92,1
DA:93,1
DA:94,1
DA:95,1
LF:95
LH:95
BRDA:1,0,0,1
BRDA:1,1,0,55
BRDA:5,2,0,7
BRDA:9,3,0,9
BRDA:10,4,0,3
BRDA:13,5,0,6
BRDA:18,6,0,30
BRDA:19,7,0,4
BRDA:22,8,0,26
BRDA:23,9,0,5
BRDA:31,10,0,7
BRDA:39,11,0,6
BRDA:47,12,0,4
BRDA:55,13,0,6
BRDA:78,14,0,3
BRDA:78,15,0,7
BRDA:82,16,0,28
BRF:17
BRH:17
end_of_record
